mode: set
golang_template_source/controller/auth.go:17.73,19.2 1 0
golang_template_source/controller/auth.go:34.50,37.53 2 0
golang_template_source/controller/auth.go:37.53,40.3 2 0
golang_template_source/controller/auth.go:42.2,44.16 3 0
golang_template_source/controller/auth.go:44.16,47.3 2 0
golang_template_source/controller/auth.go:49.2,49.56 1 0
golang_template_source/controller/auth.go:65.53,68.50 2 0
golang_template_source/controller/auth.go:68.50,71.3 2 0
golang_template_source/controller/auth.go:73.2,77.16 2 0
golang_template_source/controller/auth.go:77.16,80.3 2 0
golang_template_source/controller/auth.go:82.2,82.60 1 0
golang_template_source/controller/auth.go:98.57,101.53 2 0
golang_template_source/controller/auth.go:101.53,104.3 2 0
golang_template_source/controller/auth.go:106.2,107.16 2 0
golang_template_source/controller/auth.go:107.16,110.3 2 0
golang_template_source/controller/auth.go:112.2,112.56 1 0
golang_template_source/controller/socket.go:27.42,29.3 1 0
golang_template_source/controller/socket.go:32.84,34.2 1 0
golang_template_source/controller/socket.go:36.66,40.16 4 0
golang_template_source/controller/socket.go:40.16,43.3 2 0
golang_template_source/controller/socket.go:44.2,50.6 5 0
golang_template_source/controller/socket.go:50.6,52.17 2 0
golang_template_source/controller/socket.go:52.17,54.9 2 0
golang_template_source/controller/socket.go:57.3,58.53 2 0
golang_template_source/controller/socket.go:58.53,60.12 2 0
golang_template_source/controller/socket.go:63.3,63.22 1 0
golang_template_source/controller/socket.go:64.17,65.104 1 0
golang_template_source/controller/socket.go:66.22,67.109 1 0
golang_template_source/controller/socket.go:68.18,69.135 1 0
golang_template_source/controller/socket.go:70.11,71.46 1 0
golang_template_source/controller/user.go:16.63,18.2 1 0
golang_template_source/controller/user.go:28.54,30.16 2 0
golang_template_source/controller/user.go:30.16,33.3 2 0
golang_template_source/controller/user.go:34.2,34.30 1 0
golang_template_source/controller/user.go:46.54,48.16 2 0
golang_template_source/controller/user.go:48.16,51.3 2 0
golang_template_source/controller/user.go:53.2,54.16 2 0
golang_template_source/controller/user.go:54.16,57.3 2 0
golang_template_source/controller/user.go:58.2,58.54 1 0
golang_template_source/controller/user.go:68.61,70.16 2 0
golang_template_source/controller/user.go:70.16,73.3 2 0
golang_template_source/controller/user.go:75.2,76.65 2 0
golang_template_source/controller/user.go:85.64,87.16 2 0
golang_template_source/controller/user.go:87.16,90.3 2 0
golang_template_source/controller/user.go:92.2,93.65 2 0
golang_template_source/controller/user.go:96.33,98.2 1 0
golang_template_source/repository/function.go:22.66,24.2 1 0
golang_template_source/repository/function.go:26.111,28.20 2 0
golang_template_source/repository/function.go:28.20,30.3 1 0
golang_template_source/repository/function.go:32.2,34.25 3 0
golang_template_source/repository/function.go:34.25,36.3 1 0
golang_template_source/repository/function.go:38.2,38.37 1 0
golang_template_source/repository/function.go:38.37,39.28 1 0
golang_template_source/repository/function.go:39.28,40.12 1 0
golang_template_source/repository/function.go:42.3,43.17 2 0
golang_template_source/repository/function.go:43.17,44.12 1 0
golang_template_source/repository/function.go:46.3,46.35 1 0
golang_template_source/repository/function.go:46.35,48.4 1 0
golang_template_source/repository/function.go:51.2,51.21 1 0
golang_template_source/repository/function.go:54.88,65.25 3 0
golang_template_source/repository/function.go:65.25,67.3 1 0
golang_template_source/repository/function.go:69.2,69.23 1 0
golang_template_source/repository/log.go:19.56,21.2 1 0
golang_template_source/repository/log.go:23.64,25.2 1 0
golang_template_source/repository/user.go:21.52,23.2 1 1
golang_template_source/repository/user.go:25.62,27.48 2 1
golang_template_source/repository/user.go:27.48,29.3 1 1
golang_template_source/repository/user.go:30.2,30.19 1 1
golang_template_source/repository/user.go:33.67,35.52 2 1
golang_template_source/repository/user.go:35.52,37.3 1 1
golang_template_source/repository/user.go:38.2,38.19 1 1
golang_template_source/repository/user.go:42.77,44.74 2 1
golang_template_source/repository/user.go:44.74,46.3 1 1
golang_template_source/repository/user.go:47.2,47.19 1 1
golang_template_source/repository/user.go:50.75,54.16 2 1
golang_template_source/repository/user.go:54.16,56.3 1 1
golang_template_source/repository/user.go:58.2,58.21 1 1
golang_template_source/usecase/auth.go:29.116,34.2 1 0
golang_template_source/usecase/auth.go:36.72,45.16 4 0
golang_template_source/usecase/auth.go:45.16,47.3 1 0
golang_template_source/usecase/auth.go:50.2,57.16 4 0
golang_template_source/usecase/auth.go:57.16,59.3 1 0
golang_template_source/usecase/auth.go:61.2,64.8 1 0
golang_template_source/usecase/auth.go:67.75,69.16 2 0
golang_template_source/usecase/auth.go:69.16,71.3 1 0
golang_template_source/usecase/auth.go:73.2,73.95 1 0
golang_template_source/usecase/auth.go:73.95,75.3 1 0
golang_template_source/usecase/auth.go:77.2,77.45 1 0
golang_template_source/usecase/auth.go:80.60,82.16 2 0
golang_template_source/usecase/auth.go:82.16,84.3 1 0
golang_template_source/usecase/auth.go:85.2,88.21 3 0
golang_template_source/usecase/auth.go:88.21,90.6 1 0
golang_template_source/usecase/auth.go:91.2,91.12 1 0
golang_template_source/usecase/auth.go:94.77,95.76 1 0
golang_template_source/usecase/auth.go:95.76,97.3 1 0
golang_template_source/usecase/auth.go:101.85,103.90 1 0
golang_template_source/usecase/auth.go:103.90,105.3 1 0
golang_template_source/usecase/auth.go:107.2,107.32 1 0
golang_template_source/usecase/auth.go:107.32,109.3 1 0
golang_template_source/usecase/auth.go:112.2,113.25 2 0
golang_template_source/usecase/auth.go:113.25,115.3 1 0
golang_template_source/usecase/auth.go:117.2,118.9 2 0
golang_template_source/usecase/auth.go:118.9,120.3 1 0
golang_template_source/usecase/auth.go:123.2,123.30 1 0
golang_template_source/usecase/user.go:24.65,26.2 1 1
golang_template_source/usecase/user.go:28.64,30.2 1 1
golang_template_source/usecase/user.go:32.68,34.16 2 1
golang_template_source/usecase/user.go:34.16,36.3 1 1
golang_template_source/usecase/user.go:37.2,37.18 1 1
golang_template_source/usecase/user.go:40.74,42.2 1 1
golang_template_source/usecase/user.go:44.58,46.15 2 0
golang_template_source/usecase/user.go:46.15,48.6 1 0
golang_template_source/usecase/user.go:49.2,49.12 1 0
golang_template_source/usecase/user.go:52.67,54.16 2 0
golang_template_source/usecase/user.go:54.16,56.3 1 0
golang_template_source/usecase/user.go:58.2,63.35 4 0
golang_template_source/usecase/user.go:63.35,66.3 2 0
golang_template_source/usecase/user.go:69.2,69.31 1 0
golang_template_source/usecase/user.go:69.31,75.3 5 0
golang_template_source/usecase/user.go:77.2,78.40 2 0
golang_template_source/usecase/user.go:78.40,80.3 1 0
golang_template_source/usecase/user.go:82.2,82.20 1 0
golang_template_source/usecase/user.go:86.70,89.16 2 0
golang_template_source/usecase/user.go:89.16,91.3 1 0
golang_template_source/usecase/user.go:92.2,96.16 3 0
golang_template_source/usecase/user.go:96.16,98.3 1 0
golang_template_source/usecase/user.go:100.2,103.29 3 0
golang_template_source/usecase/user.go:103.29,107.3 3 0
golang_template_source/usecase/user.go:110.2,111.40 2 0
golang_template_source/usecase/user.go:111.40,113.3 1 0
golang_template_source/usecase/user.go:115.2,115.20 1 0
