mode: set
golang_template_source/config/connect_db.go:15.32,18.2 2 0
golang_template_source/config/connect_db.go:21.27,35.16 8 0
golang_template_source/config/connect_db.go:35.16,36.67 1 0
golang_template_source/config/connect_db.go:39.2,40.16 2 0
golang_template_source/config/connect_db.go:40.16,41.63 1 0
golang_template_source/config/connect_db.go:45.2,49.13 4 0
golang_template_source/config/connect_db.go:53.36,55.16 2 0
golang_template_source/config/connect_db.go:55.16,56.13 1 0
golang_template_source/config/connect_db.go:59.2,59.38 1 0
golang_template_source/config/connect_db.go:59.38,60.13 1 0
golang_template_source/domain/function.go:21.52,23.2 1 0
golang_template_source/domain/log.go:19.42,21.2 1 0
golang_template_source/domain/role.go:16.44,18.2 1 0
golang_template_source/domain/role.go:28.60,30.2 1 0
golang_template_source/domain/user.go:16.44,18.2 1 0
golang_template_source/domain/user.go:28.52,30.2 1 0
golang_template_source/main.go:26.13,28.16 2 0
golang_template_source/main.go:28.16,30.3 1 0
golang_template_source/main.go:31.2,47.16 12 0
golang_template_source/mock/mock_repository/user_gen.go:26.73,30.2 3 0
golang_template_source/mock/mock_repository/user_gen.go:33.71,35.2 1 0
golang_template_source/mock/mock_repository/user_gen.go:38.72,44.2 5 0
golang_template_source/mock/mock_repository/user_gen.go:47.81,50.2 2 0
golang_template_source/mock/mock_repository/user_gen.go:53.81,59.2 5 0
golang_template_source/mock/mock_repository/user_gen.go:62.87,65.2 2 0
golang_template_source/mock/mock_repository/user_gen.go:68.66,74.2 5 0
golang_template_source/mock/mock_repository/user_gen.go:77.65,80.2 2 0
golang_template_source/mock/mock_repository/user_gen.go:83.71,89.2 5 0
golang_template_source/mock/mock_repository/user_gen.go:92.80,95.2 2 0
golang_template_source/middleware/auth.go:30.77,36.2 1 0
golang_template_source/middleware/auth.go:38.64,39.32 1 0
golang_template_source/middleware/auth.go:39.32,43.36 2 0
golang_template_source/middleware/auth.go:43.36,47.4 2 0
golang_template_source/middleware/auth.go:49.3,50.46 2 0
golang_template_source/middleware/auth.go:50.46,54.4 2 0
golang_template_source/middleware/auth.go:56.3,59.17 3 0
golang_template_source/middleware/auth.go:59.17,63.4 2 0
golang_template_source/middleware/auth.go:64.3,66.26 3 0
golang_template_source/middleware/auth.go:66.26,70.4 3 0
golang_template_source/middleware/auth.go:71.3,73.13 2 0
golang_template_source/middleware/auth.go:78.55,79.30 1 0
golang_template_source/middleware/auth.go:79.30,80.45 1 0
golang_template_source/middleware/auth.go:80.45,83.4 2 0
golang_template_source/middleware/auth.go:85.3,89.17 3 0
golang_template_source/middleware/auth.go:89.17,94.4 3 0
golang_template_source/middleware/auth.go:96.3,97.14 2 0
golang_template_source/middleware/auth.go:97.14,100.4 2 0
golang_template_source/middleware/auth.go:101.3,104.10 3 0
golang_template_source/middleware/auth.go:104.10,107.4 2 0
golang_template_source/middleware/auth.go:108.3,109.17 2 0
golang_template_source/middleware/auth.go:109.17,112.4 2 0
golang_template_source/middleware/auth.go:115.3,116.28 2 0
golang_template_source/middleware/auth.go:116.28,121.4 3 0
golang_template_source/middleware/auth.go:123.3,123.11 1 0
golang_template_source/middleware/log.go:26.50,29.2 2 0
golang_template_source/middleware/log.go:31.38,32.30 1 0
golang_template_source/middleware/log.go:32.30,37.28 3 0
golang_template_source/middleware/log.go:37.28,41.4 3 0
golang_template_source/middleware/log.go:44.3,59.90 7 0
golang_template_source/middleware/log.go:59.90,61.4 1 0
golang_template_source/middleware/log.go:62.3,84.17 8 0
golang_template_source/middleware/log.go:84.17,86.4 1 0
golang_template_source/middleware/log.go:88.3,88.44 1 0
golang_template_source/middleware/log.go:88.44,90.4 1 0
golang_template_source/middleware/log.go:95.45,101.73 3 0
golang_template_source/middleware/log.go:101.73,103.3 1 0
golang_template_source/middleware/log.go:106.2,107.45 2 0
golang_template_source/middleware/log.go:107.45,109.3 1 0
golang_template_source/middleware/log.go:112.2,113.16 2 0
golang_template_source/middleware/log.go:113.16,115.3 1 0
golang_template_source/middleware/log.go:116.2,122.17 4 0
golang_template_source/middleware/log.go:122.17,127.18 1 0
golang_template_source/middleware/log.go:127.18,129.4 1 0
golang_template_source/middleware/log.go:133.2,144.17 1 0
golang_template_source/middleware/log.go:144.17,146.3 1 0
golang_template_source/middleware/log.go:148.2,148.12 1 0
golang_template_source/middleware/log.go:151.39,158.40 2 0
golang_template_source/middleware/log.go:158.40,159.48 1 0
golang_template_source/middleware/log.go:159.48,163.4 2 0
golang_template_source/middleware/log.go:167.2,168.17 2 0
golang_template_source/controller/auth.go:17.73,19.2 1 0
golang_template_source/controller/auth.go:34.50,37.53 2 0
golang_template_source/controller/auth.go:37.53,40.3 2 0
golang_template_source/controller/auth.go:42.2,44.16 3 0
golang_template_source/controller/auth.go:44.16,47.3 2 0
golang_template_source/controller/auth.go:49.2,49.56 1 0
golang_template_source/controller/auth.go:65.53,68.50 2 0
golang_template_source/controller/auth.go:68.50,71.3 2 0
golang_template_source/controller/auth.go:73.2,77.16 2 0
golang_template_source/controller/auth.go:77.16,80.3 2 0
golang_template_source/controller/auth.go:82.2,82.60 1 0
golang_template_source/controller/auth.go:98.57,101.53 2 0
golang_template_source/controller/auth.go:101.53,104.3 2 0
golang_template_source/controller/auth.go:106.2,107.16 2 0
golang_template_source/controller/auth.go:107.16,110.3 2 0
golang_template_source/controller/auth.go:112.2,112.56 1 0
golang_template_source/controller/user.go:16.63,18.2 1 0
golang_template_source/controller/user.go:28.54,30.16 2 0
golang_template_source/controller/user.go:30.16,33.3 2 0
golang_template_source/controller/user.go:34.2,34.30 1 0
golang_template_source/controller/user.go:46.54,48.16 2 0
golang_template_source/controller/user.go:48.16,51.3 2 0
golang_template_source/controller/user.go:53.2,54.16 2 0
golang_template_source/controller/user.go:54.16,57.3 2 0
golang_template_source/controller/user.go:58.2,58.54 1 0
golang_template_source/controller/user.go:68.61,70.16 2 0
golang_template_source/controller/user.go:70.16,73.3 2 0
golang_template_source/controller/user.go:75.2,76.65 2 0
golang_template_source/controller/user.go:85.64,87.16 2 0
golang_template_source/controller/user.go:87.16,90.3 2 0
golang_template_source/controller/user.go:92.2,93.65 2 0
golang_template_source/controller/user.go:96.33,98.2 1 0
golang_template_source/docs/docs.go:294.13,296.2 1 0
golang_template_source/utils/cron.go:22.23,25.16 2 0
golang_template_source/utils/cron.go:25.16,27.3 1 0
golang_template_source/utils/cron.go:30.2,34.16 2 0
golang_template_source/utils/cron.go:34.16,36.3 1 0
golang_template_source/utils/cron.go:39.2,40.50 2 0
golang_template_source/utils/cron.go:43.51,45.2 1 0
golang_template_source/utils/cron.go:47.23,68.2 6 0
golang_template_source/utils/response.go:20.62,22.2 1 0
golang_template_source/routers/routers.go:16.45,37.2 9 0
golang_template_source/routers/routers.go:37.2,41.3 3 0
golang_template_source/routers/routers.go:43.2,52.2 7 0
golang_template_source/routers/routers.go:52.2,55.3 2 0
golang_template_source/routers/routers.go:56.2,59.15 3 0
golang_template_source/domain/function.go:21.52,23.2 1 0
golang_template_source/domain/log.go:19.42,21.2 1 0
golang_template_source/domain/role.go:16.44,18.2 1 0
golang_template_source/domain/role.go:28.60,30.2 1 0
golang_template_source/domain/user.go:16.44,18.2 1 0
golang_template_source/domain/user.go:28.52,30.2 1 0
golang_template_source/mock/mock_repository/user_gen.go:26.73,30.2 3 1
golang_template_source/mock/mock_repository/user_gen.go:33.71,35.2 1 1
golang_template_source/mock/mock_repository/user_gen.go:38.72,44.2 5 0
golang_template_source/mock/mock_repository/user_gen.go:47.81,50.2 2 0
golang_template_source/mock/mock_repository/user_gen.go:53.81,59.2 5 1
golang_template_source/mock/mock_repository/user_gen.go:62.87,65.2 2 1
golang_template_source/mock/mock_repository/user_gen.go:68.66,74.2 5 1
golang_template_source/mock/mock_repository/user_gen.go:77.65,80.2 2 1
golang_template_source/mock/mock_repository/user_gen.go:83.71,89.2 5 1
golang_template_source/mock/mock_repository/user_gen.go:92.80,95.2 2 1
golang_template_source/usecase/auth.go:29.116,34.2 1 0
golang_template_source/usecase/auth.go:36.72,45.16 4 0
golang_template_source/usecase/auth.go:45.16,47.3 1 0
golang_template_source/usecase/auth.go:50.2,57.16 4 0
golang_template_source/usecase/auth.go:57.16,59.3 1 0
golang_template_source/usecase/auth.go:61.2,64.8 1 0
golang_template_source/usecase/auth.go:67.75,69.16 2 0
golang_template_source/usecase/auth.go:69.16,71.3 1 0
golang_template_source/usecase/auth.go:73.2,73.95 1 0
golang_template_source/usecase/auth.go:73.95,75.3 1 0
golang_template_source/usecase/auth.go:77.2,77.45 1 0
golang_template_source/usecase/auth.go:80.60,82.16 2 0
golang_template_source/usecase/auth.go:82.16,84.3 1 0
golang_template_source/usecase/auth.go:85.2,88.21 3 0
golang_template_source/usecase/auth.go:88.21,90.6 1 0
golang_template_source/usecase/auth.go:91.2,91.12 1 0
golang_template_source/usecase/auth.go:94.77,95.76 1 0
golang_template_source/usecase/auth.go:95.76,97.3 1 0
golang_template_source/usecase/auth.go:101.85,103.90 1 0
golang_template_source/usecase/auth.go:103.90,105.3 1 0
golang_template_source/usecase/auth.go:107.2,107.32 1 0
golang_template_source/usecase/auth.go:107.32,109.3 1 0
golang_template_source/usecase/auth.go:112.2,113.25 2 0
golang_template_source/usecase/auth.go:113.25,115.3 1 0
golang_template_source/usecase/auth.go:117.2,118.9 2 0
golang_template_source/usecase/auth.go:118.9,120.3 1 0
golang_template_source/usecase/auth.go:123.2,123.30 1 0
golang_template_source/usecase/user.go:24.65,26.2 1 1
golang_template_source/usecase/user.go:28.64,30.2 1 1
golang_template_source/usecase/user.go:32.68,34.16 2 1
golang_template_source/usecase/user.go:34.16,36.3 1 1
golang_template_source/usecase/user.go:37.2,37.18 1 1
golang_template_source/usecase/user.go:40.74,42.2 1 1
golang_template_source/usecase/user.go:44.58,46.15 2 0
golang_template_source/usecase/user.go:46.15,48.6 1 0
golang_template_source/usecase/user.go:49.2,49.12 1 0
golang_template_source/usecase/user.go:52.67,54.16 2 0
golang_template_source/usecase/user.go:54.16,56.3 1 0
golang_template_source/usecase/user.go:58.2,63.35 4 0
golang_template_source/usecase/user.go:63.35,66.3 2 0
golang_template_source/usecase/user.go:69.2,69.31 1 0
golang_template_source/usecase/user.go:69.31,75.3 5 0
golang_template_source/usecase/user.go:77.2,78.40 2 0
golang_template_source/usecase/user.go:78.40,80.3 1 0
golang_template_source/usecase/user.go:82.2,82.20 1 0
golang_template_source/usecase/user.go:86.70,89.16 2 0
golang_template_source/usecase/user.go:89.16,91.3 1 0
golang_template_source/usecase/user.go:92.2,96.16 3 0
golang_template_source/usecase/user.go:96.16,98.3 1 0
golang_template_source/usecase/user.go:100.2,103.29 3 0
golang_template_source/usecase/user.go:103.29,107.3 3 0
golang_template_source/usecase/user.go:110.2,111.40 2 0
golang_template_source/usecase/user.go:111.40,113.3 1 0
golang_template_source/usecase/user.go:115.2,115.20 1 0
golang_template_source/domain/function.go:21.52,23.2 1 0
golang_template_source/domain/log.go:19.42,21.2 1 0
golang_template_source/domain/role.go:16.44,18.2 1 0
golang_template_source/domain/role.go:28.60,30.2 1 0
golang_template_source/domain/user.go:16.44,18.2 1 1
golang_template_source/domain/user.go:28.52,30.2 1 0
golang_template_source/repository/function.go:22.66,24.2 1 0
golang_template_source/repository/function.go:26.111,28.20 2 0
golang_template_source/repository/function.go:28.20,30.3 1 0
golang_template_source/repository/function.go:31.2,33.25 3 0
golang_template_source/repository/function.go:33.25,35.3 1 0
golang_template_source/repository/function.go:37.2,37.37 1 0
golang_template_source/repository/function.go:37.37,38.28 1 0
golang_template_source/repository/function.go:38.28,39.12 1 0
golang_template_source/repository/function.go:41.3,42.17 2 0
golang_template_source/repository/function.go:42.17,43.12 1 0
golang_template_source/repository/function.go:45.3,45.35 1 0
golang_template_source/repository/function.go:45.35,47.4 1 0
golang_template_source/repository/function.go:50.2,50.21 1 0
golang_template_source/repository/function.go:53.88,64.25 3 0
golang_template_source/repository/function.go:64.25,66.3 1 0
golang_template_source/repository/function.go:68.2,68.23 1 0
golang_template_source/repository/log.go:19.56,21.2 1 0
golang_template_source/repository/log.go:23.64,25.2 1 0
golang_template_source/repository/user.go:21.52,23.2 1 1
golang_template_source/repository/user.go:25.62,27.48 2 1
golang_template_source/repository/user.go:27.48,29.3 1 1
golang_template_source/repository/user.go:30.2,30.19 1 1
golang_template_source/repository/user.go:33.67,35.52 2 1
golang_template_source/repository/user.go:35.52,37.3 1 1
golang_template_source/repository/user.go:38.2,38.19 1 1
golang_template_source/repository/user.go:42.77,44.74 2 0
golang_template_source/repository/user.go:44.74,46.3 1 0
golang_template_source/repository/user.go:47.2,47.19 1 0
golang_template_source/repository/user.go:50.75,54.16 2 1
golang_template_source/repository/user.go:54.16,56.3 1 1
golang_template_source/repository/user.go:58.2,58.21 1 1
